<?xml version="1.0" encoding="UTF-8"?>
<!-- Generated by org.testng.reporters.JUnitReportReporter -->
<testsuite hostname="DESKTOP-PJTLFA3" failures="0" tests="3" name="testNGImplementation.DependenciesInTestNG" time="0.014" errors="0" timestamp="2024-05-25T13:27:16 IST" skipped="0">
  <testcase classname="testNGImplementation.DependenciesInTestNG" name="cancleShipment" time="0.001"/>
  <system-out/>
  <testcase classname="testNGImplementation.DependenciesInTestNG" name="trackShipment" time="0.001"/>
  <system-out/>
  <testcase classname="testNGImplementation.DependenciesInTestNG" name="createShipment" time="0.012"/>
  <system-out/>
</testsuite> <!-- testNGImplementation.DependenciesInTestNG -->
