<?xml version="1.0" encoding="UTF-8"?>
<!-- Generated by org.testng.reporters.JUnitReportReporter -->
<testsuite hostname="DESKTOP-PJTLFA3" failures="0" tests="6" name="testNGImplementation.TestGroupsTesting" time="0.016" errors="0" timestamp="2024-05-25T13:38:52 IST" skipped="0">
  <testcase classname="testNGImplementation.TestGroupsTesting" name="TC001" time="0.008"/>
  <system-out/>
  <testcase classname="testNGImplementation.TestGroupsTesting" name="TC006" time="0.001"/>
  <system-out/>
  <testcase classname="testNGImplementation.TestGroupsTesting" name="TC003" time="0.002"/>
  <system-out/>
  <testcase classname="testNGImplementation.TestGroupsTesting" name="TC005" time="0.002"/>
  <system-out/>
  <testcase classname="testNGImplementation.TestGroupsTesting" name="TC004" time="0.001"/>
  <system-out/>
  <testcase classname="testNGImplementation.TestGroupsTesting" name="TC002" time="0.002"/>
  <system-out/>
</testsuite> <!-- testNGImplementation.TestGroupsTesting -->
