<?xml version="1.0" encoding="UTF-8"?>
<!-- Generated by org.testng.reporters.JUnitReportReporter -->
<testsuite hostname="DESKTOP-PJTLFA3" failures="0" tests="2" name="dataProviderInSelenium.PageLogin_DataProvider" time="13.958" errors="0" timestamp="2024-05-26T13:09:01 IST" skipped="0">
  <testcase classname="dataProviderInSelenium.PageLogin_DataProvider" name="TestFire" time="7.319"/>
  <system-out/>
  <testcase classname="dataProviderInSelenium.PageLogin_DataProvider" name="TestFire" time="6.639"/>
  <system-out/>
</testsuite> <!-- dataProviderInSelenium.PageLogin_DataProvider -->
