<?xml version="1.0" encoding="UTF-8"?>
<!-- Generated by org.testng.reporters.JUnitReportReporter -->
<testsuite hostname="DESKTOP-PJTLFA3" failures="0" tests="1" name="testNGImplementation.NewTest" time="0.007" errors="0" timestamp="2024-05-19T13:17:46 IST" skipped="0">
  <testcase classname="testNGImplementation.NewTest" name="Test" time="0.007"/>
  <system-out/>
</testsuite> <!-- testNGImplementation.NewTest -->
