<?xml version="1.0" encoding="UTF-8"?>
<!-- Generated by org.testng.reporters.JUnitReportReporter -->
<testsuite hostname="DESKTOP-PJTLFA3" failures="0" tests="2" name="testNGImplementation.PageLogin" time="40.777" errors="0" timestamp="2024-05-19T14:04:17 IST" skipped="0">
  <testcase classname="testNGImplementation.PageLogin" name="HYRTutorial" time="33.066"/>
  <system-out/>
  <testcase classname="testNGImplementation.PageLogin" name="init" time="7.711"/>
  <system-out/>
</testsuite> <!-- testNGImplementation.PageLogin -->
