<?xml version="1.0" encoding="UTF-8"?>
<!-- Generated by org.testng.reporters.JUnitReportReporter -->
<testsuite hostname="DESKTOP-PJTLFA3" failures="0" tests="3" name="testNGImplementation.PageLogin_Priority" time="25.909" errors="0" timestamp="2024-05-19T14:15:12 IST" skipped="0">
  <testcase classname="testNGImplementation.PageLogin_Priority" name="TestFire" time="6.739"/>
  <system-out/>
  <testcase classname="testNGImplementation.PageLogin_Priority" name="HYRTutorial" time="11.876"/>
  <system-out/>
  <testcase classname="testNGImplementation.PageLogin_Priority" name="WaitTest" time="7.294"/>
  <system-out/>
</testsuite> <!-- testNGImplementation.PageLogin_Priority -->
