<?xml version="1.0" encoding="UTF-8"?>
<!-- Generated by org.testng.reporters.JUnitReportReporter -->
<testsuite hostname="DESKTOP-PJTLFA3" failures="0" tests="4" name="testNGImplementation.TestGroupsTesting2" time="0.003" errors="0" timestamp="2024-05-25T13:38:52 IST" skipped="0">
  <testcase classname="testNGImplementation.TestGroupsTesting2" name="TC010" time="0.001"/>
  <system-out/>
  <testcase classname="testNGImplementation.TestGroupsTesting2" name="TC007" time="0.001"/>
  <system-out/>
  <testcase classname="testNGImplementation.TestGroupsTesting2" name="TC009" time="0.000"/>
  <system-out/>
  <testcase classname="testNGImplementation.TestGroupsTesting2" name="TC008" time="0.001"/>
  <system-out/>
</testsuite> <!-- testNGImplementation.TestGroupsTesting2 -->
