<?xml version="1.0" encoding="UTF-8"?>
<!-- Generated by org.testng.reporters.JUnitReportReporter -->
<testsuite hostname="DESKTOP-PJTLFA3" failures="0" tests="3" name="parallelRunInSelenium.BasicParallel" time="0.030" errors="0" timestamp="2024-05-26T14:01:09 IST" skipped="0">
  <testcase classname="parallelRunInSelenium.BasicParallel" name="TC002" time="0.010"/>
  <system-out/>
  <testcase classname="parallelRunInSelenium.BasicParallel" name="TC001" time="0.010"/>
  <system-out/>
  <testcase classname="parallelRunInSelenium.BasicParallel" name="TC003" time="0.010"/>
  <system-out/>
</testsuite> <!-- parallelRunInSelenium.BasicParallel -->
