<?xml version="1.0" encoding="UTF-8"?>
<!-- Generated by org.testng.reporters.JUnitReportReporter -->
<testsuite hostname="DESKTOP-PJTLFA3" failures="0" tests="3" name="parallelRunInSelenium.BasicParallel2" time="0.003" errors="0" timestamp="2024-05-26T14:01:09 IST" skipped="0">
  <testcase classname="parallelRunInSelenium.BasicParallel2" name="TC004" time="0.000"/>
  <system-out/>
  <testcase classname="parallelRunInSelenium.BasicParallel2" name="TC005" time="0.002"/>
  <system-out/>
  <testcase classname="parallelRunInSelenium.BasicParallel2" name="TC006" time="0.001"/>
  <system-out/>
</testsuite> <!-- parallelRunInSelenium.BasicParallel2 -->
