<?xml version="1.0" encoding="UTF-8"?>
<!-- Generated by org.testng.reporters.JUnitReportReporter -->
<testsuite hostname="DESKTOP-PJTLFA3" failures="0" tests="4" name="dataProviderInSelenium.BasicDataProvider" time="0.010" errors="0" timestamp="2024-05-26T12:59:23 IST" skipped="0">
  <testcase classname="dataProviderInSelenium.BasicDataProvider" name="SDArray" time="0.002"/>
  <system-out/>
  <testcase classname="dataProviderInSelenium.BasicDataProvider" name="SDArray" time="0.002"/>
  <system-out/>
  <testcase classname="dataProviderInSelenium.BasicDataProvider" name="SDArray" time="0.005"/>
  <system-out/>
  <testcase classname="dataProviderInSelenium.BasicDataProvider" name="SDArray" time="0.001"/>
  <system-out/>
</testsuite> <!-- dataProviderInSelenium.BasicDataProvider -->
