<?xml version="1.0" encoding="UTF-8"?>
<!-- Generated by org.testng.reporters.JUnitReportReporter -->
<testsuite hostname="DESKTOP-PJTLFA3" failures="0" tests="2" name="testClass.LoginTest" time="2.716" errors="0" timestamp="2024-06-02T13:18:00 IST" skipped="0">
  <testcase classname="testClass.LoginTest" name="LauchApp" time="1.835"/>
  <system-out/>
  <testcase classname="testClass.LoginTest" name="LoginTest" time="0.881"/>
  <system-out/>
</testsuite> <!-- testClass.LoginTest -->
