<?xml version="1.0" encoding="UTF-8"?>
<!-- Generated by org.testng.reporters.JUnitReportReporter -->
<testsuite hostname="DESKTOP-PJTLFA3" failures="0" tests="3" name="testNGImplementation.PageLogin_Parameters" time="5.864" errors="0" timestamp="2024-05-26T12:36:06 IST" skipped="2">
  <testcase classname="testNGImplementation.PageLogin_Parameters" name="TestFire" time="5.864"/>
  <system-out/>
  <testcase classname="testNGImplementation.PageLogin_Parameters" name="HYRTutorial">
    <skipped/>
  </testcase> <!-- HYRTutorial -->
  <system-out/>
  <testcase classname="testNGImplementation.PageLogin_Parameters" name="WaitTest">
    <skipped/>
  </testcase> <!-- WaitTest -->
  <system-out/>
</testsuite> <!-- testNGImplementation.PageLogin_Parameters -->
